{"/home/mariana/Downloads/trybe-exercicios/fundamentos/bloco-7-introduçao-a-javascript-es6-template-literals-testes/dia-3-primeiros-passos-em-jest/myFizzBuzz.js": {"path":"/home/mariana/Downloads/trybe-exercicios/fundamentos/bloco-7-introduçao-a-javascript-es6-template-literals-testes/dia-3-primeiros-passos-em-jest/myFizzBuzz.js","statementMap":{"0":{"start":{"line":2,"column":4},"end":{"line":2,"column":46}},"1":{"start":{"line":2,"column":33},"end":{"line":2,"column":46}},"2":{"start":{"line":3,"column":4},"end":{"line":3,"column":58}},"3":{"start":{"line":3,"column":40},"end":{"line":3,"column":58}},"4":{"start":{"line":4,"column":4},"end":{"line":4,"column":37}},"5":{"start":{"line":4,"column":23},"end":{"line":4,"column":37}},"6":{"start":{"line":5,"column":4},"end":{"line":5,"column":37}},"7":{"start":{"line":5,"column":23},"end":{"line":5,"column":37}},"8":{"start":{"line":6,"column":4},"end":{"line":6,"column":15}},"9":{"start":{"line":9,"column":0},"end":{"line":9,"column":28}}},"fnMap":{"0":{"name":"myFizzBuzz","decl":{"start":{"line":1,"column":9},"end":{"line":1,"column":19}},"loc":{"start":{"line":1,"column":25},"end":{"line":7,"column":3}},"line":1}},"branchMap":{"0":{"loc":{"start":{"line":2,"column":4},"end":{"line":2,"column":46}},"type":"if","locations":[{"start":{"line":2,"column":4},"end":{"line":2,"column":46}},{"start":{},"end":{}}],"line":2},"1":{"loc":{"start":{"line":3,"column":4},"end":{"line":3,"column":58}},"type":"if","locations":[{"start":{"line":3,"column":4},"end":{"line":3,"column":58}},{"start":{},"end":{}}],"line":3},"2":{"loc":{"start":{"line":3,"column":8},"end":{"line":3,"column":38}},"type":"binary-expr","locations":[{"start":{"line":3,"column":8},"end":{"line":3,"column":21}},{"start":{"line":3,"column":25},"end":{"line":3,"column":38}}],"line":3},"3":{"loc":{"start":{"line":4,"column":4},"end":{"line":4,"column":37}},"type":"if","locations":[{"start":{"line":4,"column":4},"end":{"line":4,"column":37}},{"start":{},"end":{}}],"line":4},"4":{"loc":{"start":{"line":5,"column":4},"end":{"line":5,"column":37}},"type":"if","locations":[{"start":{"line":5,"column":4},"end":{"line":5,"column":37}},{"start":{},"end":{}}],"line":5}},"s":{"0":5,"1":1,"2":4,"3":1,"4":3,"5":1,"6":2,"7":1,"8":1,"9":1},"f":{"0":5},"b":{"0":[1,4],"1":[1,3],"2":[4,2],"3":[1,2],"4":[1,1]},"_coverageSchema":"1a1c01bbd47fc00a2c39e90264f33305004495a9","hash":"349cf0acedf8fa6ceb52374a53a76e2560a79898"}
}
